c:\projects\deformation2\dtrans\x64\debug\vc140.pdb
c:\projects\deformation2\dtrans\x64\debug\vc140.idb
c:\projects\deformation2\dtrans\x64\debug\cholmod_wrapper.obj
c:\projects\deformation2\dtrans\x64\debug\constraint.obj
c:\projects\deformation2\dtrans\x64\debug\matrix3x3.obj
c:\projects\deformation2\dtrans\x64\debug\mesh_model.obj
c:\projects\deformation2\dtrans\x64\debug\obj_file.obj
c:\projects\deformation2\dtrans\x64\debug\surface_matrix.obj
c:\projects\deformation2\dtrans\x64\debug\triangle_corr.obj
c:\projects\deformation2\dtrans\x64\debug\triangle_corr_dict.obj
c:\projects\deformation2\dtrans\x64\debug\gl_util.obj
c:\projects\deformation2\dtrans\x64\debug\dt_equation.obj
c:\projects\deformation2\dtrans\x64\debug\main.obj
c:\projects\deformation2\dtrans\x64\debug\mesh_seg.obj
c:\projects\deformation2\dtrans\x64\debug\transformer.obj
c:\projects\deformation2\x64\debug\dtrans.ilk
c:\projects\deformation2\x64\debug\dtrans.exe
c:\projects\deformation2\x64\debug\dtrans.pdb
c:\projects\deformation2\dtrans\x64\debug\dtrans.tlog\cl.command.1.tlog
c:\projects\deformation2\dtrans\x64\debug\dtrans.tlog\cl.read.1.tlog
c:\projects\deformation2\dtrans\x64\debug\dtrans.tlog\cl.write.1.tlog
c:\projects\deformation2\dtrans\x64\debug\dtrans.tlog\link.command.1.tlog
c:\projects\deformation2\dtrans\x64\debug\dtrans.tlog\link.read.1.tlog
c:\projects\deformation2\dtrans\x64\debug\dtrans.tlog\link.write.1.tlog
