c:\projects\deformation2\corrstool\x64\debug\vc140.pdb
c:\projects\deformation2\corrstool\x64\debug\vc140.idb
c:\projects\deformation2\corrstool\x64\debug\cholmod_wrapper.obj
c:\projects\deformation2\corrstool\x64\debug\constraint.obj
c:\projects\deformation2\corrstool\x64\debug\matrix3x3.obj
c:\projects\deformation2\corrstool\x64\debug\mesh_model.obj
c:\projects\deformation2\corrstool\x64\debug\obj_file.obj
c:\projects\deformation2\corrstool\x64\debug\surface_matrix.obj
c:\projects\deformation2\corrstool\x64\debug\triangle_corr.obj
c:\projects\deformation2\corrstool\x64\debug\triangle_corr_dict.obj
c:\projects\deformation2\corrstool\x64\debug\gl_util.obj
c:\projects\deformation2\corrstool\x64\debug\interact.obj
c:\projects\deformation2\corrstool\x64\debug\keycallback.obj
c:\projects\deformation2\corrstool\x64\debug\layout.obj
c:\projects\deformation2\corrstool\x64\debug\main.obj
c:\projects\deformation2\corrstool\x64\debug\pick.obj
c:\projects\deformation2\corrstool\x64\debug\pickup_list.obj
c:\projects\deformation2\corrstool\x64\debug\render_infotext.obj
c:\projects\deformation2\corrstool\x64\debug\render_modes.obj
c:\projects\deformation2\corrstool\x64\debug\render_panels.obj
c:\projects\deformation2\x64\debug\corrstool.ilk
c:\projects\deformation2\x64\debug\corrstool.exe
c:\projects\deformation2\x64\debug\corrstool.pdb
c:\projects\deformation2\corrstool\x64\debug\corrstool.tlog\cl.command.1.tlog
c:\projects\deformation2\corrstool\x64\debug\corrstool.tlog\cl.read.1.tlog
c:\projects\deformation2\corrstool\x64\debug\corrstool.tlog\cl.write.1.tlog
c:\projects\deformation2\corrstool\x64\debug\corrstool.tlog\link.command.1.tlog
c:\projects\deformation2\corrstool\x64\debug\corrstool.tlog\link.read.1.tlog
c:\projects\deformation2\corrstool\x64\debug\corrstool.tlog\link.write.1.tlog
