c:\projects\deformation2\deformation2\x64\debug\vc140.pdb
c:\projects\deformation2\deformation2\x64\debug\vc140.idb
c:\projects\deformation2\deformation2\x64\debug\cholmod_wrapper.obj
c:\projects\deformation2\deformation2\x64\debug\constraint.obj
c:\projects\deformation2\deformation2\x64\debug\matrix3x3.obj
c:\projects\deformation2\deformation2\x64\debug\mesh_model.obj
c:\projects\deformation2\deformation2\x64\debug\obj_file.obj
c:\projects\deformation2\deformation2\x64\debug\surface_matrix.obj
c:\projects\deformation2\deformation2\x64\debug\triangle_corr.obj
c:\projects\deformation2\deformation2\x64\debug\triangle_corr_dict.obj
c:\projects\deformation2\deformation2\x64\debug\gl_util.obj
c:\projects\deformation2\deformation2\x64\debug\main.obj
c:\projects\deformation2\deformation2\x64\debug\modelviz_main.obj
c:\projects\deformation2\x64\debug\modelviz.pdb
c:\projects\deformation2\deformation2\x64\debug\modelviz.tlog\cl.command.1.tlog
c:\projects\deformation2\deformation2\x64\debug\modelviz.tlog\cl.read.1.tlog
c:\projects\deformation2\deformation2\x64\debug\modelviz.tlog\cl.write.1.tlog
c:\projects\deformation2\deformation2\x64\debug\modelviz.tlog\link-cvtres.read.1.tlog
c:\projects\deformation2\deformation2\x64\debug\modelviz.tlog\link-cvtres.write.1.tlog
c:\projects\deformation2\deformation2\x64\debug\modelviz.tlog\link-rc.read.1.tlog
c:\projects\deformation2\deformation2\x64\debug\modelviz.tlog\link-rc.write.1.tlog
c:\projects\deformation2\deformation2\x64\debug\modelviz.tlog\link.command.1.tlog
c:\projects\deformation2\deformation2\x64\debug\modelviz.tlog\link.read.1.tlog
c:\projects\deformation2\deformation2\x64\debug\modelviz.tlog\link.write.1.tlog
