c:\projects\deformation2\corres_resolve\x64\debug\vc140.pdb
c:\projects\deformation2\corres_resolve\x64\debug\vc140.idb
c:\projects\deformation2\corres_resolve\x64\debug\surface_matrix.obj
c:\projects\deformation2\corres_resolve\x64\debug\triangle_corr.obj
c:\projects\deformation2\corres_resolve\x64\debug\triangle_corr_dict.obj
c:\projects\deformation2\corres_resolve\x64\debug\gl_util.obj
c:\projects\deformation2\corres_resolve\x64\debug\3dtree.obj
c:\projects\deformation2\corres_resolve\x64\debug\3dtree_search.obj
c:\projects\deformation2\corres_resolve\x64\debug\3dtree_split.obj
c:\projects\deformation2\corres_resolve\x64\debug\adjacent.obj
c:\projects\deformation2\corres_resolve\x64\debug\adjacent_resolve.obj
c:\projects\deformation2\corres_resolve\x64\debug\closest_point.obj
c:\projects\deformation2\corres_resolve\x64\debug\correseqn.obj
c:\projects\deformation2\corres_resolve\x64\debug\correseqn_closest.obj
c:\projects\deformation2\corres_resolve\x64\debug\correseqn_elementary.obj
c:\projects\deformation2\corres_resolve\x64\debug\correseqn_identity.obj
c:\projects\deformation2\corres_resolve\x64\debug\correseqn_smoothness.obj
c:\projects\deformation2\corres_resolve\x64\debug\corres_problem.obj
c:\projects\deformation2\corres_resolve\x64\debug\corres_problem_solve.obj
c:\projects\deformation2\corres_resolve\x64\debug\main.obj
c:\projects\deformation2\corres_resolve\x64\debug\triangle_corr_resolve.obj
c:\projects\deformation2\corres_resolve\x64\debug\vertex_info.obj
c:\projects\deformation2\corres_resolve\x64\debug\cholmod_wrapper.obj
c:\projects\deformation2\corres_resolve\x64\debug\constraint.obj
c:\projects\deformation2\corres_resolve\x64\debug\matrix3x3.obj
c:\projects\deformation2\corres_resolve\x64\debug\mesh_model.obj
c:\projects\deformation2\corres_resolve\x64\debug\obj_file.obj
c:\projects\deformation2\x64\debug\corres_resolve.ilk
c:\projects\deformation2\x64\debug\corres_resolve.exe
c:\projects\deformation2\x64\debug\corres_resolve.pdb
c:\projects\deformation2\corres_resolve\x64\debug\corres_resolve.tlog\cl.command.1.tlog
c:\projects\deformation2\corres_resolve\x64\debug\corres_resolve.tlog\cl.read.1.tlog
c:\projects\deformation2\corres_resolve\x64\debug\corres_resolve.tlog\cl.write.1.tlog
c:\projects\deformation2\corres_resolve\x64\debug\corres_resolve.tlog\link.command.1.tlog
c:\projects\deformation2\corres_resolve\x64\debug\corres_resolve.tlog\link.read.1.tlog
c:\projects\deformation2\corres_resolve\x64\debug\corres_resolve.tlog\link.write.1.tlog
